Haedrian/app/manifest-merger-release-report.txt
-- Merging decision tree log ---
manifest
ADDED from AndroidManifest.xml:2:1
	xmlns:tools
		ADDED from AndroidManifest.xml:3:5
	xmlns:android
		ADDED from AndroidManifest.xml:2:11
	package
		ADDED from AndroidManifest.xml:4:5
		INJECTED from AndroidManifest.xml:0:0
		INJECTED from AndroidManifest.xml:0:0
	android:versionName
		INJECTED from AndroidManifest.xml:0:0
		INJECTED from AndroidManifest.xml:0:0
	android:versionCode
		INJECTED from AndroidManifest.xml:0:0
		INJECTED from AndroidManifest.xml:0:0
uses-permission#android.permission.INTERNET
ADDED from AndroidManifest.xml:7:5
MERGED from com.google.android.gms:play-services-maps:7.5.0:21:5
	android:name
		ADDED from AndroidManifest.xml:7:22
uses-permission#android.permission.VIBRATE
ADDED from AndroidManifest.xml:8:5
	android:name
		ADDED from AndroidManifest.xml:8:22
uses-permission#android.permission.ACCESS_NETWORK_STATE
ADDED from AndroidManifest.xml:9:5
MERGED from com.google.android.gms:play-services-maps:7.5.0:20:5
	android:name
		ADDED from AndroidManifest.xml:9:22
uses-permission#android.permission.WRITE_EXTERNAL_STORAGE
ADDED from AndroidManifest.xml:10:5
MERGED from com.google.android.gms:play-services-maps:7.5.0:22:5
	android:name
		ADDED from AndroidManifest.xml:10:22
uses-permission#android.permission.ACCESS_FINE_LOCATION
ADDED from AndroidManifest.xml:11:5
	android:name
		ADDED from AndroidManifest.xml:11:22
uses-permission#com.google.android.providers.gsf.permission.READ_GSERVICES
ADDED from AndroidManifest.xml:15:5
	android:name
		ADDED from AndroidManifest.xml:15:22
uses-permission#android.permission.USE_CREDENTIALS
ADDED from AndroidManifest.xml:21:5
	android:name
		ADDED from AndroidManifest.xml:21:22
uses-permission#android.permission.GET_ACCOUNTS
ADDED from AndroidManifest.xml:23:5
	android:name
		ADDED from AndroidManifest.xml:23:22
uses-permission#android.permission.READ_PROFILE
ADDED from AndroidManifest.xml:25:5
	android:name
		ADDED from AndroidManifest.xml:25:22
uses-permission#android.permission.ACCESS_COARSE_LOCATION
ADDED from AndroidManifest.xml:31:5
MERGED from com.google.android.gms:play-services-maps:7.5.0:23:5
	android:name
		ADDED from AndroidManifest.xml:31:22
application
ADDED from AndroidManifest.xml:33:5
MERGED from com.google.android.gms:play-services-maps:7.5.0:29:5
MERGED from com.google.android.gms:play-services-base:7.5.0:20:5
MERGED from com.android.support:support-v4:22.2.0:22:5
MERGED from com.android.support:support-v13:21.0.3:16:5
MERGED from com.android.support:support-v4:22.2.0:22:5
MERGED from com.android.support:appcompat-v7:22.2.0:22:5
MERGED from com.android.support:support-v4:22.2.0:22:5
MERGED from com.android.support:recyclerview-v7:22.0.0:22:5
MERGED from com.android.support:support-v4:22.2.0:22:5
MERGED from com.android.support:support-v4:22.2.0:22:5
MERGED from net.danlew:android.joda:2.8.1:11:5
	android:label
		ADDED from AndroidManifest.xml:37:9
	android:allowBackup
		ADDED from AndroidManifest.xml:35:9
	android:icon
		ADDED from AndroidManifest.xml:36:9
	android:theme
		ADDED from AndroidManifest.xml:38:9
	tools:replace
		ADDED from AndroidManifest.xml:39:9
	android:name
		ADDED from AndroidManifest.xml:34:9
meta-data#lenddoAppId
ADDED from AndroidManifest.xml:40:9
	android:name
		ADDED from AndroidManifest.xml:41:13
	android:value
		ADDED from AndroidManifest.xml:42:13
meta-data#googlePlacesApiKey
ADDED from AndroidManifest.xml:43:9
	android:name
		ADDED from AndroidManifest.xml:44:13
	android:value
		ADDED from AndroidManifest.xml:45:13
activity#com.haedrian.haedrian.UserInteraction.LoginActivity
ADDED from AndroidManifest.xml:47:9
	android:windowSoftInputMode
		ADDED from AndroidManifest.xml:51:13
	android:screenOrientation
		ADDED from AndroidManifest.xml:50:13
	android:label
		ADDED from AndroidManifest.xml:49:13
	android:name
		ADDED from AndroidManifest.xml:48:13
activity#com.haedrian.haedrian.HomeScreen.HomeActivity
ADDED from AndroidManifest.xml:54:9
	android:screenOrientation
		ADDED from AndroidManifest.xml:57:13
	android:label
		ADDED from AndroidManifest.xml:56:13
	android:name
		ADDED from AndroidManifest.xml:55:13
activity#com.haedrian.haedrian.HomeScreen.SendRequest.SendRequestActivity
ADDED from AndroidManifest.xml:59:9
	android:screenOrientation
		ADDED from AndroidManifest.xml:62:13
	android:label
		ADDED from AndroidManifest.xml:61:13
	android:parentActivityName
		ADDED from AndroidManifest.xml:63:13
	android:name
		ADDED from AndroidManifest.xml:60:13
meta-data#android.support.PARENT_ACTIVITY
ADDED from AndroidManifest.xml:66:13
	android:name
		ADDED from AndroidManifest.xml:67:17
	android:value
		ADDED from AndroidManifest.xml:68:17
activity#com.haedrian.haedrian.HomeScreen.Contacts.ContactsActivity
ADDED from AndroidManifest.xml:70:9
	android:screenOrientation
		ADDED from AndroidManifest.xml:73:13
	android:label
		ADDED from AndroidManifest.xml:72:13
	android:parentActivityName
		ADDED from AndroidManifest.xml:74:13
	android:name
		ADDED from AndroidManifest.xml:71:13
activity#com.haedrian.haedrian.HomeScreen.ApplyForLoan.Projects.ProjectsActivity
ADDED from AndroidManifest.xml:82:9
	android:windowSoftInputMode
		ADDED from AndroidManifest.xml:87:13
	android:screenOrientation
		ADDED from AndroidManifest.xml:85:13
	android:label
		ADDED from AndroidManifest.xml:84:13
	android:parentActivityName
		ADDED from AndroidManifest.xml:86:13
	android:name
		ADDED from AndroidManifest.xml:83:13
activity#com.haedrian.haedrian.HomeScreen.InvestActivity
ADDED from AndroidManifest.xml:94:9
	android:screenOrientation
		ADDED from AndroidManifest.xml:97:13
	android:label
		ADDED from AndroidManifest.xml:96:13
	android:parentActivityName
		ADDED from AndroidManifest.xml:98:13
	android:name
		ADDED from AndroidManifest.xml:95:13
activity#com.haedrian.haedrian.HomeScreen.ApplyForLoan.Projects.CreateProjectActivity
ADDED from AndroidManifest.xml:105:9
	android:screenOrientation
		ADDED from AndroidManifest.xml:108:13
	android:label
		ADDED from AndroidManifest.xml:107:13
	android:parentActivityName
		ADDED from AndroidManifest.xml:109:13
	android:name
		ADDED from AndroidManifest.xml:106:13
activity#com.haedrian.haedrian.UserInteraction.SettingsActivity
ADDED from AndroidManifest.xml:116:9
	android:screenOrientation
		ADDED from AndroidManifest.xml:119:13
	android:label
		ADDED from AndroidManifest.xml:118:13
	android:parentActivityName
		ADDED from AndroidManifest.xml:120:13
	android:name
		ADDED from AndroidManifest.xml:117:13
activity#com.haedrian.haedrian.HomeScreen.Wallet.WalletActivity
ADDED from AndroidManifest.xml:127:9
	android:screenOrientation
		ADDED from AndroidManifest.xml:130:13
	android:label
		ADDED from AndroidManifest.xml:129:13
	android:parentActivityName
		ADDED from AndroidManifest.xml:131:13
	android:name
		ADDED from AndroidManifest.xml:128:13
activity#com.haedrian.haedrian.HomeScreen.AddMoney.BuyActivity
ADDED from AndroidManifest.xml:138:9
	android:screenOrientation
		ADDED from AndroidManifest.xml:141:13
	android:label
		ADDED from AndroidManifest.xml:140:13
	android:parentActivityName
		ADDED from AndroidManifest.xml:142:13
	android:name
		ADDED from AndroidManifest.xml:139:13
activity#com.haedrian.haedrian.HomeScreen.SendRequest.SendActivity
ADDED from AndroidManifest.xml:149:9
	android:screenOrientation
		ADDED from AndroidManifest.xml:152:13
	android:label
		ADDED from AndroidManifest.xml:151:13
	android:parentActivityName
		ADDED from AndroidManifest.xml:153:13
	android:name
		ADDED from AndroidManifest.xml:150:13
activity#com.haedrian.haedrian.HomeScreen.ApplyForLoan.Projects.ProjectsList
ADDED from AndroidManifest.xml:160:9
	android:screenOrientation
		ADDED from AndroidManifest.xml:163:13
	android:label
		ADDED from AndroidManifest.xml:162:13
	android:parentActivityName
		ADDED from AndroidManifest.xml:164:13
	android:name
		ADDED from AndroidManifest.xml:161:13
activity#com.haedrian.haedrian.UserInteraction.CurrencyInfoActivity
ADDED from AndroidManifest.xml:171:9
	android:screenOrientation
		ADDED from AndroidManifest.xml:174:13
	android:label
		ADDED from AndroidManifest.xml:173:13
	android:parentActivityName
		ADDED from AndroidManifest.xml:175:13
	android:name
		ADDED from AndroidManifest.xml:172:13
activity#com.haedrian.haedrian.HomeScreen.SendRequest.RequestActivity
ADDED from AndroidManifest.xml:182:9
	android:screenOrientation
		ADDED from AndroidManifest.xml:185:13
	android:label
		ADDED from AndroidManifest.xml:184:13
	android:parentActivityName
		ADDED from AndroidManifest.xml:186:13
	android:name
		ADDED from AndroidManifest.xml:183:13
activity#com.haedrian.haedrian.HomeScreen.Wallet.ImportWalletActivity
ADDED from AndroidManifest.xml:193:9
	android:screenOrientation
		ADDED from AndroidManifest.xml:196:13
	android:label
		ADDED from AndroidManifest.xml:195:13
	android:parentActivityName
		ADDED from AndroidManifest.xml:197:13
	android:name
		ADDED from AndroidManifest.xml:194:13
activity#com.haedrian.haedrian.Scanner.CaptureActivity
ADDED from AndroidManifest.xml:204:9
	android:screenOrientation
		ADDED from AndroidManifest.xml:207:13
	android:label
		ADDED from AndroidManifest.xml:206:13
	android:parentActivityName
		ADDED from AndroidManifest.xml:208:13
	android:name
		ADDED from AndroidManifest.xml:205:13
activity#com.haedrian.haedrian.HomeScreen.Contacts.GetContacts
ADDED from AndroidManifest.xml:215:9
	android:screenOrientation
		ADDED from AndroidManifest.xml:218:13
	android:label
		ADDED from AndroidManifest.xml:217:13
	android:name
		ADDED from AndroidManifest.xml:216:13
activity#com.haedrian.haedrian.HomeScreen.Contacts.ContactDetailActivity
ADDED from AndroidManifest.xml:220:9
	android:screenOrientation
		ADDED from AndroidManifest.xml:223:13
	android:label
		ADDED from AndroidManifest.xml:222:13
	android:parentActivityName
		ADDED from AndroidManifest.xml:224:13
	android:name
		ADDED from AndroidManifest.xml:221:13
activity#com.haedrian.haedrian.HomeScreen.ApplyForLoan.CreditScore.CompleteActivity
ADDED from AndroidManifest.xml:231:9
	android:screenOrientation
		ADDED from AndroidManifest.xml:234:13
	android:label
		ADDED from AndroidManifest.xml:233:13
	android:name
		ADDED from AndroidManifest.xml:232:13
activity#com.haedrian.haedrian.HomeScreen.ApplyForLoan.CreditScore.CanceledActivity
ADDED from AndroidManifest.xml:236:9
	android:screenOrientation
		ADDED from AndroidManifest.xml:239:13
	android:label
		ADDED from AndroidManifest.xml:238:13
	android:name
		ADDED from AndroidManifest.xml:237:13
activity#com.haedrian.haedrian.HomeScreen.ApplyForLoan.CreditScore.WaitForCreditScore
ADDED from AndroidManifest.xml:241:9
	android:label
		ADDED from AndroidManifest.xml:243:13
	android:name
		ADDED from AndroidManifest.xml:242:13
activity#com.haedrian.haedrian.UserInteraction.SignupActivity
ADDED from AndroidManifest.xml:245:9
	android:screenOrientation
		ADDED from AndroidManifest.xml:248:13
	android:label
		ADDED from AndroidManifest.xml:247:13
	android:parentActivityName
		ADDED from AndroidManifest.xml:249:13
	android:name
		ADDED from AndroidManifest.xml:246:13
activity#com.haedrian.haedrian.HomeScreen.ApplyForLoan.CreditScore.HasCreditScoreActivity
ADDED from AndroidManifest.xml:256:9
	android:screenOrientation
		ADDED from AndroidManifest.xml:259:13
	android:label
		ADDED from AndroidManifest.xml:258:13
	android:parentActivityName
		ADDED from AndroidManifest.xml:260:13
	android:name
		ADDED from AndroidManifest.xml:257:13
activity#com.haedrian.haedrian.HomeScreen.ApplyForLoan.CreditScore.CheckForCreditScore
ADDED from AndroidManifest.xml:267:9
	android:screenOrientation
		ADDED from AndroidManifest.xml:270:13
	android:label
		ADDED from AndroidManifest.xml:269:13
	android:parentActivityName
		ADDED from AndroidManifest.xml:271:13
	android:name
		ADDED from AndroidManifest.xml:268:13
meta-data#com.google.android.gms.version
ADDED from AndroidManifest.xml:279:9
MERGED from com.google.android.gms:play-services-base:7.5.0:21:9
	android:name
		ADDED from AndroidManifest.xml:280:13
	android:value
		ADDED from AndroidManifest.xml:281:13
meta-data#com.google.android.maps.v2.API_KEY
ADDED from AndroidManifest.xml:282:9
	android:name
		ADDED from AndroidManifest.xml:283:13
	android:value
		ADDED from AndroidManifest.xml:284:13
activity#com.haedrian.haedrian.HomeScreen.MapsActivity
ADDED from AndroidManifest.xml:286:9
	android:screenOrientation
		ADDED from AndroidManifest.xml:289:13
	android:label
		ADDED from AndroidManifest.xml:288:13
	android:parentActivityName
		ADDED from AndroidManifest.xml:290:13
	android:name
		ADDED from AndroidManifest.xml:287:13
activity#com.haedrian.haedrian.HomeScreen.Wallet.TransactionDetailsActivity
ADDED from AndroidManifest.xml:297:9
	android:screenOrientation
		ADDED from AndroidManifest.xml:300:13
	android:label
		ADDED from AndroidManifest.xml:299:13
	android:parentActivityName
		ADDED from AndroidManifest.xml:301:13
	android:name
		ADDED from AndroidManifest.xml:298:13
activity#com.haedrian.haedrian.HomeScreen.AddMoney.OrderSummaryActivity
ADDED from AndroidManifest.xml:308:9
	android:screenOrientation
		ADDED from AndroidManifest.xml:311:13
	android:label
		ADDED from AndroidManifest.xml:310:13
	android:parentActivityName
		ADDED from AndroidManifest.xml:312:13
	android:name
		ADDED from AndroidManifest.xml:309:13
activity#com.haedrian.haedrian.UserInteraction.PinActivity
ADDED from AndroidManifest.xml:319:9
	android:label
		ADDED from AndroidManifest.xml:321:13
	android:name
		ADDED from AndroidManifest.xml:320:13
activity#com.haedrian.haedrian.UserInteraction.About
ADDED from AndroidManifest.xml:323:9
	android:screenOrientation
		ADDED from AndroidManifest.xml:326:13
	android:label
		ADDED from AndroidManifest.xml:325:13
	android:parentActivityName
		ADDED from AndroidManifest.xml:327:13
	android:name
		ADDED from AndroidManifest.xml:324:13
activity#com.haedrian.haedrian.UserInteraction.Help
ADDED from AndroidManifest.xml:334:9
	android:screenOrientation
		ADDED from AndroidManifest.xml:337:13
	android:label
		ADDED from AndroidManifest.xml:336:13
	android:parentActivityName
		ADDED from AndroidManifest.xml:338:13
	android:name
		ADDED from AndroidManifest.xml:335:13
activity#com.haedrian.haedrian.HomeScreen.AddMoney.BuyOrderVerifyActivity
ADDED from AndroidManifest.xml:345:9
	android:screenOrientation
		ADDED from AndroidManifest.xml:348:13
	android:label
		ADDED from AndroidManifest.xml:347:13
	android:parentActivityName
		ADDED from AndroidManifest.xml:349:13
	android:name
		ADDED from AndroidManifest.xml:346:13
activity#com.haedrian.haedrian.HomeScreen.AddMoney.BuyOptions
ADDED from AndroidManifest.xml:356:9
	android:screenOrientation
		ADDED from AndroidManifest.xml:359:13
	android:label
		ADDED from AndroidManifest.xml:358:13
	android:parentActivityName
		ADDED from AndroidManifest.xml:360:13
	android:name
		ADDED from AndroidManifest.xml:357:13
activity#com.haedrian.haedrian.HomeScreen.AddMoney.GroupBuyActivity
ADDED from AndroidManifest.xml:367:9
	android:windowSoftInputMode
		ADDED from AndroidManifest.xml:371:13
	android:label
		ADDED from AndroidManifest.xml:369:13
	android:parentActivityName
		ADDED from AndroidManifest.xml:370:13
	android:name
		ADDED from AndroidManifest.xml:368:13
activity#com.haedrian.haedrian.HomeScreen.RepayLoanActivity
ADDED from AndroidManifest.xml:378:9
	android:screenOrientation
		ADDED from AndroidManifest.xml:381:13
	android:label
		ADDED from AndroidManifest.xml:380:13
	android:parentActivityName
		ADDED from AndroidManifest.xml:382:13
	android:name
		ADDED from AndroidManifest.xml:379:13
activity#com.haedrian.haedrian.HomeScreen.LoanInfoActivity
ADDED from AndroidManifest.xml:389:9
	android:screenOrientation
		ADDED from AndroidManifest.xml:392:13
	android:label
		ADDED from AndroidManifest.xml:391:13
	android:parentActivityName
		ADDED from AndroidManifest.xml:393:13
	android:name
		ADDED from AndroidManifest.xml:390:13
activity#com.haedrian.haedrian.HomeScreen.IntroDemo.Fragments.IntroDemoActivity
ADDED from AndroidManifest.xml:400:9
	android:screenOrientation
		ADDED from AndroidManifest.xml:403:13
	android:label
		ADDED from AndroidManifest.xml:402:13
	android:name
		ADDED from AndroidManifest.xml:401:13
intent-filter#android.intent.action.MAIN+android.intent.category.LAUNCHER
ADDED from AndroidManifest.xml:405:13
action#android.intent.action.MAIN
ADDED from AndroidManifest.xml:406:17
	android:name
		ADDED from AndroidManifest.xml:406:25
category#android.intent.category.LAUNCHER
ADDED from AndroidManifest.xml:408:17
	android:name
		ADDED from AndroidManifest.xml:408:27
uses-sdk
INJECTED from AndroidManifest.xml:0:0 reason: use-sdk injection requested
MERGED from com.google.android.gms:play-services-maps:7.5.0:28:5
MERGED from com.google.android.gms:play-services-base:7.5.0:18:5
MERGED from com.android.support:support-v4:22.2.0:20:5
MERGED from com.android.support:support-v13:21.0.3:15:5
MERGED from com.android.support:support-v4:22.2.0:20:5
MERGED from com.android.support:appcompat-v7:22.2.0:20:5
MERGED from com.android.support:support-v4:22.2.0:20:5
MERGED from com.android.support:recyclerview-v7:22.0.0:20:5
MERGED from com.android.support:support-v4:22.2.0:20:5
MERGED from com.android.support:support-v4:22.2.0:20:5
MERGED from fr.avianey.com.viewpagerindicator:library:2.4.1:8:5
MERGED from net.danlew:android.joda:2.8.1:7:5
	android:targetSdkVersion
		INJECTED from AndroidManifest.xml:0:0
		INJECTED from AndroidManifest.xml:0:0
	android:minSdkVersion
		INJECTED from AndroidManifest.xml:0:0
		INJECTED from AndroidManifest.xml:0:0
uses-feature#0x00020000
ADDED from com.google.android.gms:play-services-maps:7.5.0:24:5
	android:required
		ADDED from com.google.android.gms:play-services-maps:7.5.0:26:8
	android:glEsVersion
		ADDED from com.google.android.gms:play-services-maps:7.5.0:25:8
android:uses-permission#android.permission.READ_EXTERNAL_STORAGE
IMPLIED from AndroidManifest.xml:2:1 reason: com.google.android.gms.maps requested WRITE_EXTERNAL_STORAGE
activity#android.support.v7.widget.TestActivity
ADDED from com.android.support:recyclerview-v7:22.0.0:23:9
	android:label
		ADDED from com.android.support:recyclerview-v7:22.0.0:25:13
	android:name
		ADDED from com.android.support:recyclerview-v7:22.0.0:24:13